<?xml version="1.0" encoding="UTF-8"?><testsuite errors="0" failures="0" name="com.studentapp.junit.studentsInfo.StudentsCRUDTest" skipped="0" tests="4" time="6.53" timestamp="2020-05-122 04:23:06"><testcase classname="com.studentapp.junit.studentsInfo.StudentsCRUDTest" name="Adding new student record into the StudentApp"/><testcase classname="com.studentapp.junit.studentsInfo.StudentsCRUDTest" name="Verify the student value"/><testcase classname="com.studentapp.junit.studentsInfo.StudentsCRUDTest" name="Updating the student first name based upon the id"/><testcase classname="com.studentapp.junit.studentsInfo.StudentsCRUDTest" name="Deleting the student based upon the id"/></testsuite>