<?xml version="1.0" encoding="UTF-8"?><testsuite errors="1" failures="1" name="com.studentapp.junit.studentsInfo.FirstSerenityTest" skipped="4" tests="8" time="6.77" timestamp="2020-05-122 03:59:16"><testcase classname="com.studentapp.junit.studentsInfo.FirstSerenityTest" name="This is manual test"><skipped/></testcase><testcase classname="com.studentapp.junit.studentsInfo.FirstSerenityTest" name="This is adding title below method to get all students info"/><testcase classname="com.studentapp.junit.studentsInfo.FirstSerenityTest" name="This test failing"><failure message="1 expectation failed.&#10;Expected status code &lt;500&gt; but was &lt;200&gt;.&#10;" type="java.lang.AssertionError">1 expectation failed.
Expected status code &lt;500&gt; but was &lt;200&gt;.
</failure><system-err>1 expectation failed.
Expected status code &lt;500&gt; but was &lt;200&gt;.
&#13;
io.restassured.internal.ResponseSpecificationImpl.validateResponseIfRequired(ResponseSpecificationImpl.groovy:636)&#13;
io.restassured.internal.ResponseSpecificationImpl.statusCode(ResponseSpecificationImpl.groovy:122)&#13;
io.restassured.internal.ResponseSpecificationImpl.statusCode(ResponseSpecificationImpl.groovy:130)&#13;
io.restassured.internal.ValidatableResponseOptionsImpl.statusCode(ValidatableResponseOptionsImpl.java:117)&#13;
com.studentapp.junit.studentsInfo.FirstSerenityTest.thisTestFailing(FirstSerenityTest.java:49)&#13;
</system-err></testcase><testcase classname="com.studentapp.junit.studentsInfo.FirstSerenityTest" name="Get all students info"/><testcase classname="com.studentapp.junit.studentsInfo.FirstSerenityTest" name="This is skip test"><skipped/></testcase><testcase classname="com.studentapp.junit.studentsInfo.FirstSerenityTest" name="This is test with error"><error message="/ by zero" type="java.lang.ArithmeticException">/ by zero</error><system-err>/ by zero&#13;
com.studentapp.junit.studentsInfo.FirstSerenityTest.thisIsTestWithError(FirstSerenityTest.java:66)&#13;
</system-err></testcase><testcase classname="com.studentapp.junit.studentsInfo.FirstSerenityTest" name="Pending test"><skipped/></testcase><testcase classname="com.studentapp.junit.studentsInfo.FirstSerenityTest" name="File does n ot exist"><compromised message="C:\opent.txt (The system cannot find the file specified)" type="java.io.FileNotFoundException">C:\opent.txt (The system cannot find the file specified)</compromised><system-err>C:\opent.txt (The system cannot find the file specified)&#13;
com.studentapp.junit.studentsInfo.FirstSerenityTest.fileDoesNOtExist(FirstSerenityTest.java:72)&#13;
</system-err></testcase></testsuite>