<?xml version="1.0" encoding="UTF-8"?>
<testsuite name="com.studentapp.junit.studentsInfo.StudentsCRUDTest" time="2.189" tests="5" errors="1" skipped="0" failures="0">
  <properties>
[...]
</properties>
  <testcase name="test01" classname="com.studentapp.junit.studentsInfo.StudentsCRUDTest" time="0.779"/>
  <testcase name="test02" classname="com.studentapp.junit.studentsInfo.StudentsCRUDTest" time="0.653"/>
  <testcase name="test03" classname="com.studentapp.junit.studentsInfo.StudentsCRUDTest" time="0.255"/>
  <testcase name="test04" classname="com.studentapp.junit.studentsInfo.StudentsCRUDTest" time="0.175"/>
  <testcase name="com.studentapp.junit.studentsInfo.StudentsCRUDTest" classname="org.apache.maven.surefire.junit4.JUnit4Provider" time="0.327">
    <error message="Failed to generate configuration report" type="net.thucydides.core.reports.ReportGenerationFailedError">net.thucydides.core.reports.ReportGenerationFailedError: Failed to generate configuration report
	at java.util.concurrent.FutureTask.report(FutureTask.java:122)
	at java.util.concurrent.FutureTask.get(FutureTask.java:192)
	at net.thucydides.core.reports.ReportService.waitForReportGenerationToFinish(ReportService.java:182)
	at net.thucydides.core.reports.ReportService.generateReportsFor(ReportService.java:163)
	at net.thucydides.core.reports.ReportService.generateReportsFor(ReportService.java:112)
	at net.serenitybdd.junit.runners.SerenityRunner.generateReportsFor(SerenityRunner.java:410)
	at net.serenitybdd.junit.runners.SerenityRunner.generateReports(SerenityRunner.java:305)
	at net.serenitybdd.junit.runners.SerenityRunner.run(SerenityRunner.java:259)
	at org.apache.maven.surefire.junit4.JUnit4Provider.execute(JUnit4Provider.java:283)
	at org.apache.maven.surefire.junit4.JUnit4Provider.executeWithRerun(JUnit4Provider.java:173)
	at org.apache.maven.surefire.junit4.JUnit4Provider.executeTestSet(JUnit4Provider.java:153)
	at org.apache.maven.surefire.junit4.JUnit4Provider.invoke(JUnit4Provider.java:128)
Caused by: net.thucydides.core.reports.ReportGenerationFailedError: Failed to generate reports using net.thucydides.core.reports.html.HtmlAcceptanceTestReporter@2aee0704
	at net.thucydides.core.reports.ReportService.generateReportFor(ReportService.java:223)
	at net.thucydides.core.reports.ReportService.access$100(ReportService.java:35)
	at net.thucydides.core.reports.ReportService$1.run(ReportService.java:157)
	at java.util.concurrent.Executors$RunnableAdapter.call(Executors.java:511)
	at java.util.concurrent.FutureTask.run(FutureTask.java:266)
	at java.util.concurrent.ThreadPoolExecutor.runWorker(ThreadPoolExecutor.java:1149)
	at java.util.concurrent.ThreadPoolExecutor$Worker.run(ThreadPoolExecutor.java:624)
	at java.lang.Thread.run(Thread.java:748)
Caused by: java.lang.RuntimeException: Failed to merge template: Failed to process FreeMarker template
	at net.thucydides.core.reports.html.Merger$MergeBuilder.to(Merger.java:39)
	at net.thucydides.core.reports.html.HtmlAcceptanceTestReporter.generateReportPage(HtmlAcceptanceTestReporter.java:144)
	at net.thucydides.core.reports.html.HtmlAcceptanceTestReporter.generateReportFor(HtmlAcceptanceTestReporter.java:130)
	at net.thucydides.core.reports.ReportService.generateReportFor(ReportService.java:221)
	at net.thucydides.core.reports.ReportService.access$100(ReportService.java:35)
	at net.thucydides.core.reports.ReportService$1.run(ReportService.java:157)
	at java.util.concurrent.Executors$RunnableAdapter.call(Executors.java:511)
	at java.util.concurrent.FutureTask.run(FutureTask.java:266)
	at java.util.concurrent.ThreadPoolExecutor.runWorker(ThreadPoolExecutor.java:1149)
	at java.util.concurrent.ThreadPoolExecutor$Worker.run(ThreadPoolExecutor.java:624)
	at java.lang.Thread.run(Thread.java:748)
Caused by: net.thucydides.core.reports.templates.TemplateMergeException: Failed to process FreeMarker template
	at net.thucydides.core.reports.templates.FreemarkerReportTemplate.merge(FreemarkerReportTemplate.java:45)
	at net.thucydides.core.reports.html.Merger$MergeBuilder.to(Merger.java:37)
	at net.thucydides.core.reports.html.HtmlAcceptanceTestReporter.generateReportPage(HtmlAcceptanceTestReporter.java:144)
	at net.thucydides.core.reports.html.HtmlAcceptanceTestReporter.generateReportFor(HtmlAcceptanceTestReporter.java:130)
	at net.thucydides.core.reports.ReportService.generateReportFor(ReportService.java:221)
	at net.thucydides.core.reports.ReportService.access$100(ReportService.java:35)
	at net.thucydides.core.reports.ReportService$1.run(ReportService.java:157)
	at java.util.concurrent.Executors$RunnableAdapter.call(Executors.java:511)
	at java.util.concurrent.FutureTask.run(FutureTask.java:266)
	at java.util.concurrent.ThreadPoolExecutor.runWorker(ThreadPoolExecutor.java:1149)
	at java.util.concurrent.ThreadPoolExecutor$Worker.run(ThreadPoolExecutor.java:624)
	at java.lang.Thread.run(Thread.java:748)
Caused by: freemarker.core._TemplateModelException: Java method "net.thucydides.core.reports.html.Formatter.renderText(String)" threw an exception when invoked on net.thucydides.core.reports.html.Formatter object "net.thucydides.core.reports.html.Formatter@990f35f"; see cause exception in the Java stack trace.

----
FTL stack trace ("~" means nesting-related):
	- Failed at: ${formatter.renderText(restQuery.resp...  [in template "freemarker/default.ftl" in macro "restQueryData" at line 348, column 41]
	- Reached through: @restQueryData restQuery=step.restQue...  [in template "freemarker/default.ftl" in macro "step_details" at line 418, column 37]
	- Reached through: @step_details step=step step_number=s...  [in template "freemarker/default.ftl" in macro "write_step" at line 242, column 17]
	- Reached through: @write_step step=nestedStep step_numb...  [in template "freemarker/default.ftl" in macro "write_step" at line 252, column 25]
	- Reached through: @write_step step=step step_number=ste...  [in template "freemarker/default.ftl" at line 464, column 17]
----
	at freemarker.ext.beans._MethodUtil.newInvocationTemplateModelException(_MethodUtil.java:311)
	at freemarker.ext.beans._MethodUtil.newInvocationTemplateModelException(_MethodUtil.java:275)
	at freemarker.ext.beans.SimpleMethodModel.exec(SimpleMethodModel.java:80)
	at freemarker.core.MethodCall._eval(MethodCall.java:62)
	at freemarker.core.Expression.eval(Expression.java:78)
	at freemarker.core.Expression.evalAndCoerceToString(Expression.java:82)
	at freemarker.core.DollarVariable.accept(DollarVariable.java:41)
	at freemarker.core.Environment.visit(Environment.java:324)
	at freemarker.core.MixedContent.accept(MixedContent.java:54)
	at freemarker.core.Environment.visitByHiddingParent(Environment.java:345)
	at freemarker.core.ConditionalBlock.accept(ConditionalBlock.java:48)
	at freemarker.core.Environment.visit(Environment.java:324)
	at freemarker.core.MixedContent.accept(MixedContent.java:54)
	at freemarker.core.Environment.visit(Environment.java:324)
	at freemarker.core.Macro$Context.runMacro(Macro.java:184)
	at freemarker.core.Environment.invoke(Environment.java:701)
	at freemarker.core.UnifiedCall.accept(UnifiedCall.java:84)
	at freemarker.core.Environment.visit(Environment.java:324)
	at freemarker.core.MixedContent.accept(MixedContent.java:54)
	at freemarker.core.Environment.visitByHiddingParent(Environment.java:345)
	at freemarker.core.ConditionalBlock.accept(ConditionalBlock.java:48)
	at freemarker.core.Environment.visit(Environment.java:324)
	at freemarker.core.MixedContent.accept(MixedContent.java:54)
	at freemarker.core.Environment.visit(Environment.java:324)
	at freemarker.core.Macro$Context.runMacro(Macro.java:184)
	at freemarker.core.Environment.invoke(Environment.java:701)
	at freemarker.core.UnifiedCall.accept(UnifiedCall.java:84)
	at freemarker.core.Environment.visit(Environment.java:324)
	at freemarker.core.MixedContent.accept(MixedContent.java:54)
	at freemarker.core.Environment.visit(Environment.java:324)
	at freemarker.core.Macro$Context.runMacro(Macro.java:184)
	at freemarker.core.Environment.invoke(Environment.java:701)
	at freemarker.core.UnifiedCall.accept(UnifiedCall.java:84)
	at freemarker.core.Environment.visitByHiddingParent(Environment.java:345)
	at freemarker.core.IteratorBlock$IterationContext.executeNestedBlockInner(IteratorBlock.java:268)
	at freemarker.core.IteratorBlock$IterationContext.executeNestedBlock(IteratorBlock.java:220)
	at freemarker.core.IteratorBlock$IterationContext.accept(IteratorBlock.java:194)
	at freemarker.core.Environment.visitIteratorBlock(Environment.java:572)
	at freemarker.core.IteratorBlock.acceptWithResult(IteratorBlock.java:78)
	at freemarker.core.IteratorBlock.accept(IteratorBlock.java:64)
	at freemarker.core.Environment.visit(Environment.java:324)
	at freemarker.core.MixedContent.accept(MixedContent.java:54)
	at freemarker.core.Environment.visitByHiddingParent(Environment.java:345)
	at freemarker.core.ConditionalBlock.accept(ConditionalBlock.java:48)
	at freemarker.core.Environment.visit(Environment.java:324)
	at freemarker.core.MixedContent.accept(MixedContent.java:54)
	at freemarker.core.Environment.visit(Environment.java:324)
	at freemarker.core.Macro$Context.runMacro(Macro.java:184)
	at freemarker.core.Environment.invoke(Environment.java:701)
	at freemarker.core.UnifiedCall.accept(UnifiedCall.java:84)
	at freemarker.core.Environment.visitByHiddingParent(Environment.java:345)
	at freemarker.core.IteratorBlock$IterationContext.executeNestedBlockInner(IteratorBlock.java:268)
	at freemarker.core.IteratorBlock$IterationContext.executeNestedBlock(IteratorBlock.java:220)
	at freemarker.core.IteratorBlock$IterationContext.accept(IteratorBlock.java:194)
	at freemarker.core.Environment.visitIteratorBlock(Environment.java:572)
	at freemarker.core.IteratorBlock.acceptWithResult(IteratorBlock.java:78)
	at freemarker.core.IteratorBlock.accept(IteratorBlock.java:64)
	at freemarker.core.Environment.visit(Environment.java:324)
	at freemarker.core.MixedContent.accept(MixedContent.java:54)
	at freemarker.core.Environment.visit(Environment.java:324)
	at freemarker.core.Environment.process(Environment.java:302)
	at net.thucydides.core.reports.templates.FreemarkerReportTemplate.merge(FreemarkerReportTemplate.java:42)
	at net.thucydides.core.reports.html.Merger$MergeBuilder.to(Merger.java:37)
	at net.thucydides.core.reports.html.HtmlAcceptanceTestReporter.generateReportPage(HtmlAcceptanceTestReporter.java:144)
	at net.thucydides.core.reports.html.HtmlAcceptanceTestReporter.generateReportFor(HtmlAcceptanceTestReporter.java:130)
	at net.thucydides.core.reports.ReportService.generateReportFor(ReportService.java:221)
	at net.thucydides.core.reports.ReportService.access$100(ReportService.java:35)
	at net.thucydides.core.reports.ReportService$1.run(ReportService.java:157)
	at java.util.concurrent.Executors$RunnableAdapter.call(Executors.java:511)
	at java.util.concurrent.FutureTask.run(FutureTask.java:266)
	at java.util.concurrent.ThreadPoolExecutor.runWorker(ThreadPoolExecutor.java:1149)
	at java.util.concurrent.ThreadPoolExecutor$Worker.run(ThreadPoolExecutor.java:624)
	at java.lang.Thread.run(Thread.java:748)
Caused by: java.lang.NullPointerException: null
	at net.thucydides.core.reports.html.Formatter.renderText(Formatter.java:124)
	at sun.reflect.GeneratedMethodAccessor100.invoke(Unknown Source)
	at sun.reflect.DelegatingMethodAccessorImpl.invoke(DelegatingMethodAccessorImpl.java:43)
	at java.lang.reflect.Method.invoke(Method.java:498)
	at freemarker.ext.beans.BeansWrapper.invokeMethod(BeansWrapper.java:1458)
	at freemarker.ext.beans.SimpleMethodModel.exec(SimpleMethodModel.java:71)
	at freemarker.core.MethodCall._eval(MethodCall.java:62)
	at freemarker.core.Expression.eval(Expression.java:78)
	at freemarker.core.Expression.evalAndCoerceToString(Expression.java:82)
	at freemarker.core.DollarVariable.accept(DollarVariable.java:41)
	at freemarker.core.Environment.visit(Environment.java:324)
	at freemarker.core.MixedContent.accept(MixedContent.java:54)
	at freemarker.core.Environment.visitByHiddingParent(Environment.java:345)
	at freemarker.core.ConditionalBlock.accept(ConditionalBlock.java:48)
	at freemarker.core.Environment.visit(Environment.java:324)
	at freemarker.core.MixedContent.accept(MixedContent.java:54)
	at freemarker.core.Environment.visit(Environment.java:324)
	at freemarker.core.Macro$Context.runMacro(Macro.java:184)
	at freemarker.core.Environment.invoke(Environment.java:701)
	at freemarker.core.UnifiedCall.accept(UnifiedCall.java:84)
	at freemarker.core.Environment.visit(Environment.java:324)
	at freemarker.core.MixedContent.accept(MixedContent.java:54)
	at freemarker.core.Environment.visitByHiddingParent(Environment.java:345)
	at freemarker.core.ConditionalBlock.accept(ConditionalBlock.java:48)
	at freemarker.core.Environment.visit(Environment.java:324)
	at freemarker.core.MixedContent.accept(MixedContent.java:54)
	at freemarker.core.Environment.visit(Environment.java:324)
	at freemarker.core.Macro$Context.runMacro(Macro.java:184)
	at freemarker.core.Environment.invoke(Environment.java:701)
	at freemarker.core.UnifiedCall.accept(UnifiedCall.java:84)
	at freemarker.core.Environment.visit(Environment.java:324)
	at freemarker.core.MixedContent.accept(MixedContent.java:54)
	at freemarker.core.Environment.visit(Environment.java:324)
	at freemarker.core.Macro$Context.runMacro(Macro.java:184)
	at freemarker.core.Environment.invoke(Environment.java:701)
	at freemarker.core.UnifiedCall.accept(UnifiedCall.java:84)
	at freemarker.core.Environment.visitByHiddingParent(Environment.java:345)
	at freemarker.core.IteratorBlock$IterationContext.executeNestedBlockInner(IteratorBlock.java:268)
	at freemarker.core.IteratorBlock$IterationContext.executeNestedBlock(IteratorBlock.java:220)
	at freemarker.core.IteratorBlock$IterationContext.accept(IteratorBlock.java:194)
	at freemarker.core.Environment.visitIteratorBlock(Environment.java:572)
	at freemarker.core.IteratorBlock.acceptWithResult(IteratorBlock.java:78)
	at freemarker.core.IteratorBlock.accept(IteratorBlock.java:64)
	at freemarker.core.Environment.visit(Environment.java:324)
	at freemarker.core.MixedContent.accept(MixedContent.java:54)
	at freemarker.core.Environment.visitByHiddingParent(Environment.java:345)
	at freemarker.core.ConditionalBlock.accept(ConditionalBlock.java:48)
	at freemarker.core.Environment.visit(Environment.java:324)
	at freemarker.core.MixedContent.accept(MixedContent.java:54)
	at freemarker.core.Environment.visit(Environment.java:324)
	at freemarker.core.Macro$Context.runMacro(Macro.java:184)
	at freemarker.core.Environment.invoke(Environment.java:701)
	at freemarker.core.UnifiedCall.accept(UnifiedCall.java:84)
	at freemarker.core.Environment.visitByHiddingParent(Environment.java:345)
	at freemarker.core.IteratorBlock$IterationContext.executeNestedBlockInner(IteratorBlock.java:268)
	at freemarker.core.IteratorBlock$IterationContext.executeNestedBlock(IteratorBlock.java:220)
	at freemarker.core.IteratorBlock$IterationContext.accept(IteratorBlock.java:194)
	at freemarker.core.Environment.visitIteratorBlock(Environment.java:572)
	at freemarker.core.IteratorBlock.acceptWithResult(IteratorBlock.java:78)
	at freemarker.core.IteratorBlock.accept(IteratorBlock.java:64)
	at freemarker.core.Environment.visit(Environment.java:324)
	at freemarker.core.MixedContent.accept(MixedContent.java:54)
	at freemarker.core.Environment.visit(Environment.java:324)
	at freemarker.core.Environment.process(Environment.java:302)
	at net.thucydides.core.reports.templates.FreemarkerReportTemplate.merge(FreemarkerReportTemplate.java:42)
	at net.thucydides.core.reports.html.Merger$MergeBuilder.to(Merger.java:37)
	at net.thucydides.core.reports.html.HtmlAcceptanceTestReporter.generateReportPage(HtmlAcceptanceTestReporter.java:144)
	at net.thucydides.core.reports.html.HtmlAcceptanceTestReporter.generateReportFor(HtmlAcceptanceTestReporter.java:130)
	at net.thucydides.core.reports.ReportService.generateReportFor(ReportService.java:221)
	at net.thucydides.core.reports.ReportService.access$100(ReportService.java:35)
	at net.thucydides.core.reports.ReportService$1.run(ReportService.java:157)
	at java.util.concurrent.Executors$RunnableAdapter.call(Executors.java:511)
	at java.util.concurrent.FutureTask.run(FutureTask.java:266)
	at java.util.concurrent.ThreadPoolExecutor.runWorker(ThreadPoolExecutor.java:1149)
	at java.util.concurrent.ThreadPoolExecutor$Worker.run(ThreadPoolExecutor.java:624)
	at java.lang.Thread.run(Thread.java:748)
</error>
    <system-err><![CDATA[12590 [main] INFO net.serenitybdd.core.Serenity - 
        __    _____ _____ ____ _____   ____   _    ____  ____  _____ ____  
  _     \ \  |_   _| ____/ ___|_   _| |  _ \ / \  / ___|/ ___|| ____|  _ \ 
 (_)_____| |   | | |  _| \___ \ | |   | |_) / _ \ \___ \\___ \|  _| | | | |
  _|_____| |   | | | |___ ___) || |   |  __/ ___ \ ___) |___) | |___| |_| |
 (_)     | |   |_| |_____|____/ |_|   |_| /_/   \_\____/|____/|_____|____/ 
        /_/                                                                

TEST PASSED: Deleting the student based upon the id
----------------------------------------------------------------------------
12605 [pool-1-thread-3] INFO net.thucydides.core.reports.json.JSONTestOutcomeReporter - Generating JSON report for Updating the student first name based upon the id to file C:\Users\Yashmit\IntelliJ_Projects\Student_App_Rest_API\target\site\serenity\7112b5ed4fc9e44dc38bbeb97080061a5f518052acef8c6d4020e0766c95cdea.json (using temp file C:\Users\Yashmit\IntelliJ_Projects\Student_App_Rest_API\target\site\serenity\7112b5ed4fc9e44dc38bbeb97080061a5f518052acef8c6d4020e0766c95cdea.json5af10ecd-7654-428b-8a87-de844b128d2c)
12605 [pool-1-thread-1] INFO net.thucydides.core.reports.json.JSONTestOutcomeReporter - Generating JSON report for Adding new student record into the StudentApp to file C:\Users\Yashmit\IntelliJ_Projects\Student_App_Rest_API\target\site\serenity\bd4870a6d34b6d58dd1b27f203e157846fdd5ad8ec9ea29f96fc5a5dba364df9.json (using temp file C:\Users\Yashmit\IntelliJ_Projects\Student_App_Rest_API\target\site\serenity\bd4870a6d34b6d58dd1b27f203e157846fdd5ad8ec9ea29f96fc5a5dba364df9.jsonfbe0316d-3fbd-464f-95a4-23e7f6b0df8d)
12607 [pool-1-thread-2] INFO net.thucydides.core.reports.json.JSONTestOutcomeReporter - Generating JSON report for Verify the student value to file C:\Users\Yashmit\IntelliJ_Projects\Student_App_Rest_API\target\site\serenity\bbba86c199b763022a2ea20c6ff893d8f489aa5b6a3ba10b15dc9e054bc947be.json (using temp file C:\Users\Yashmit\IntelliJ_Projects\Student_App_Rest_API\target\site\serenity\bbba86c199b763022a2ea20c6ff893d8f489aa5b6a3ba10b15dc9e054bc947be.json4a43103a-830c-4256-aa69-7908789e60ee)
12607 [pool-1-thread-4] INFO net.thucydides.core.reports.json.JSONTestOutcomeReporter - Generating JSON report for Deleting the student based upon the id to file C:\Users\Yashmit\IntelliJ_Projects\Student_App_Rest_API\target\site\serenity\f448fe8d4d7d4136a0d14af9f6606edd5a8ffa75fec64503db97fc5f832001ee.json (using temp file C:\Users\Yashmit\IntelliJ_Projects\Student_App_Rest_API\target\site\serenity\f448fe8d4d7d4136a0d14af9f6606edd5a8ffa75fec64503db97fc5f832001ee.json4ce9cae4-0abe-457b-a635-80e79911c2e0)
12651 [pool-1-thread-2] INFO net.thucydides.core.reports.html.HtmlAcceptanceTestReporter - GENERATING HTML REPORT FOR Students CRUD test:test01 in bd4870a6d34b6d58dd1b27f203e157846fdd5ad8ec9ea29f96fc5a5dba364df9.html in directory target\site\serenity  
12651 [pool-1-thread-3] INFO net.thucydides.core.reports.html.HtmlAcceptanceTestReporter - GENERATING HTML REPORT FOR Students CRUD test:test02 in bbba86c199b763022a2ea20c6ff893d8f489aa5b6a3ba10b15dc9e054bc947be.html in directory target\site\serenity  
12658 [pool-1-thread-1] INFO net.thucydides.core.reports.html.HtmlAcceptanceTestReporter - GENERATING HTML REPORT FOR Students CRUD test:test03 in 7112b5ed4fc9e44dc38bbeb97080061a5f518052acef8c6d4020e0766c95cdea.html in directory target\site\serenity  
12662 [pool-1-thread-4] INFO net.thucydides.core.reports.html.HtmlAcceptanceTestReporter - GENERATING HTML REPORT FOR Students CRUD test:test04 in f448fe8d4d7d4136a0d14af9f6606edd5a8ffa75fec64503db97fc5f832001ee.html in directory target\site\serenity  
May 01, 2020 3:59:28 PM freemarker.log._JULLoggerFactory$JULLogger error
SEVERE: Error executing FreeMarker template
FreeMarker template error:
Java method "net.thucydides.core.reports.html.Formatter.renderText(String)" threw an exception when invoked on net.thucydides.core.reports.html.Formatter object "net.thucydides.core.reports.html.Formatter@990f35f"; see cause exception in the Java stack trace.

----
FTL stack trace ("~" means nesting-related):
	- Failed at: ${formatter.renderText(restQuery.resp...  [in template "freemarker/default.ftl" in macro "restQueryData" at line 348, column 41]
	- Reached through: @restQueryData restQuery=step.restQue...  [in template "freemarker/default.ftl" in macro "step_details" at line 418, column 37]
	- Reached through: @step_details step=step step_number=s...  [in template "freemarker/default.ftl" in macro "write_step" at line 242, column 17]
	- Reached through: @write_step step=nestedStep step_numb...  [in template "freemarker/default.ftl" in macro "write_step" at line 252, column 25]
	- Reached through: @write_step step=step step_number=ste...  [in template "freemarker/default.ftl" at line 464, column 17]
----

Java stack trace (for programmers):
----
freemarker.core._TemplateModelException: [... Exception message was already printed; see it above ...]
	at freemarker.ext.beans._MethodUtil.newInvocationTemplateModelException(_MethodUtil.java:311)
	at freemarker.ext.beans._MethodUtil.newInvocationTemplateModelException(_MethodUtil.java:275)
	at freemarker.ext.beans.SimpleMethodModel.exec(SimpleMethodModel.java:80)
	at freemarker.core.MethodCall._eval(MethodCall.java:62)
	at freemarker.core.Expression.eval(Expression.java:78)
	at freemarker.core.Expression.evalAndCoerceToString(Expression.java:82)
	at freemarker.core.DollarVariable.accept(DollarVariable.java:41)
	at freemarker.core.Environment.visit(Environment.java:324)
	at freemarker.core.MixedContent.accept(MixedContent.java:54)
	at freemarker.core.Environment.visitByHiddingParent(Environment.java:345)
	at freemarker.core.ConditionalBlock.accept(ConditionalBlock.java:48)
	at freemarker.core.Environment.visit(Environment.java:324)
	at freemarker.core.MixedContent.accept(MixedContent.java:54)
	at freemarker.core.Environment.visit(Environment.java:324)
	at freemarker.core.Macro$Context.runMacro(Macro.java:184)
	at freemarker.core.Environment.invoke(Environment.java:701)
	at freemarker.core.UnifiedCall.accept(UnifiedCall.java:84)
	at freemarker.core.Environment.visit(Environment.java:324)
	at freemarker.core.MixedContent.accept(MixedContent.java:54)
	at freemarker.core.Environment.visitByHiddingParent(Environment.java:345)
	at freemarker.core.ConditionalBlock.accept(ConditionalBlock.java:48)
	at freemarker.core.Environment.visit(Environment.java:324)
	at freemarker.core.MixedContent.accept(MixedContent.java:54)
	at freemarker.core.Environment.visit(Environment.java:324)
	at freemarker.core.Macro$Context.runMacro(Macro.java:184)
	at freemarker.core.Environment.invoke(Environment.java:701)
	at freemarker.core.UnifiedCall.accept(UnifiedCall.java:84)
	at freemarker.core.Environment.visit(Environment.java:324)
	at freemarker.core.MixedContent.accept(MixedContent.java:54)
	at freemarker.core.Environment.visit(Environment.java:324)
	at freemarker.core.Macro$Context.runMacro(Macro.java:184)
	at freemarker.core.Environment.invoke(Environment.java:701)
	at freemarker.core.UnifiedCall.accept(UnifiedCall.java:84)
	at freemarker.core.Environment.visitByHiddingParent(Environment.java:345)
	at freemarker.core.IteratorBlock$IterationContext.executeNestedBlockInner(IteratorBlock.java:268)
	at freemarker.core.IteratorBlock$IterationContext.executeNestedBlock(IteratorBlock.java:220)
	at freemarker.core.IteratorBlock$IterationContext.accept(IteratorBlock.java:194)
	at freemarker.core.Environment.visitIteratorBlock(Environment.java:572)
	at freemarker.core.IteratorBlock.acceptWithResult(IteratorBlock.java:78)
	at freemarker.core.IteratorBlock.accept(IteratorBlock.java:64)
	at freemarker.core.Environment.visit(Environment.java:324)
	at freemarker.core.MixedContent.accept(MixedContent.java:54)
	at freemarker.core.Environment.visitByHiddingParent(Environment.java:345)
	at freemarker.core.ConditionalBlock.accept(ConditionalBlock.java:48)
	at freemarker.core.Environment.visit(Environment.java:324)
	at freemarker.core.MixedContent.accept(MixedContent.java:54)
	at freemarker.core.Environment.visit(Environment.java:324)
	at freemarker.core.Macro$Context.runMacro(Macro.java:184)
	at freemarker.core.Environment.invoke(Environment.java:701)
	at freemarker.core.UnifiedCall.accept(UnifiedCall.java:84)
	at freemarker.core.Environment.visitByHiddingParent(Environment.java:345)
	at freemarker.core.IteratorBlock$IterationContext.executeNestedBlockInner(IteratorBlock.java:268)
	at freemarker.core.IteratorBlock$IterationContext.executeNestedBlock(IteratorBlock.java:220)
	at freemarker.core.IteratorBlock$IterationContext.accept(IteratorBlock.java:194)
	at freemarker.core.Environment.visitIteratorBlock(Environment.java:572)
	at freemarker.core.IteratorBlock.acceptWithResult(IteratorBlock.java:78)
	at freemarker.core.IteratorBlock.accept(IteratorBlock.java:64)
	at freemarker.core.Environment.visit(Environment.java:324)
	at freemarker.core.MixedContent.accept(MixedContent.java:54)
	at freemarker.core.Environment.visit(Environment.java:324)
	at freemarker.core.Environment.process(Environment.java:302)
	at net.thucydides.core.reports.templates.FreemarkerReportTemplate.merge(FreemarkerReportTemplate.java:42)
	at net.thucydides.core.reports.html.Merger$MergeBuilder.to(Merger.java:37)
	at net.thucydides.core.reports.html.HtmlAcceptanceTestReporter.generateReportPage(HtmlAcceptanceTestReporter.java:144)
	at net.thucydides.core.reports.html.HtmlAcceptanceTestReporter.generateReportFor(HtmlAcceptanceTestReporter.java:130)
	at net.thucydides.core.reports.ReportService.generateReportFor(ReportService.java:221)
	at net.thucydides.core.reports.ReportService.access$100(ReportService.java:35)
	at net.thucydides.core.reports.ReportService$1.run(ReportService.java:157)
	at java.util.concurrent.Executors$RunnableAdapter.call(Executors.java:511)
	at java.util.concurrent.FutureTask.run(FutureTask.java:266)
	at java.util.concurrent.ThreadPoolExecutor.runWorker(ThreadPoolExecutor.java:1149)
	at java.util.concurrent.ThreadPoolExecutor$Worker.run(ThreadPoolExecutor.java:624)
	at java.lang.Thread.run(Thread.java:748)
Caused by: java.lang.NullPointerException
	at net.thucydides.core.reports.html.Formatter.renderText(Formatter.java:124)
	at sun.reflect.GeneratedMethodAccessor100.invoke(Unknown Source)
	at sun.reflect.DelegatingMethodAccessorImpl.invoke(DelegatingMethodAccessorImpl.java:43)
	at java.lang.reflect.Method.invoke(Method.java:498)
	at freemarker.ext.beans.BeansWrapper.invokeMethod(BeansWrapper.java:1458)
	at freemarker.ext.beans.SimpleMethodModel.exec(SimpleMethodModel.java:71)
	... 70 more

12720 [pool-1-thread-4] WARN net.thucydides.core.reports.templates.FreemarkerReportTemplate - Report generation failed
FreeMarker template error:
Java method "net.thucydides.core.reports.html.Formatter.renderText(String)" threw an exception when invoked on net.thucydides.core.reports.html.Formatter object "net.thucydides.core.reports.html.Formatter@990f35f"; see cause exception in the Java stack trace.

----
FTL stack trace ("~" means nesting-related):
	- Failed at: ${formatter.renderText(restQuery.resp...  [in template "freemarker/default.ftl" in macro "restQueryData" at line 348, column 41]
	- Reached through: @restQueryData restQuery=step.restQue...  [in template "freemarker/default.ftl" in macro "step_details" at line 418, column 37]
	- Reached through: @step_details step=step step_number=s...  [in template "freemarker/default.ftl" in macro "write_step" at line 242, column 17]
	- Reached through: @write_step step=nestedStep step_numb...  [in template "freemarker/default.ftl" in macro "write_step" at line 252, column 25]
	- Reached through: @write_step step=step step_number=ste...  [in template "freemarker/default.ftl" at line 464, column 17]
----

Java stack trace (for programmers):
----
freemarker.core._TemplateModelException: [... Exception message was already printed; see it above ...]
	at freemarker.ext.beans._MethodUtil.newInvocationTemplateModelException(_MethodUtil.java:311)
	at freemarker.ext.beans._MethodUtil.newInvocationTemplateModelException(_MethodUtil.java:275)
	at freemarker.ext.beans.SimpleMethodModel.exec(SimpleMethodModel.java:80)
	at freemarker.core.MethodCall._eval(MethodCall.java:62)
	at freemarker.core.Expression.eval(Expression.java:78)
	at freemarker.core.Expression.evalAndCoerceToString(Expression.java:82)
	at freemarker.core.DollarVariable.accept(DollarVariable.java:41)
	at freemarker.core.Environment.visit(Environment.java:324)
	at freemarker.core.MixedContent.accept(MixedContent.java:54)
	at freemarker.core.Environment.visitByHiddingParent(Environment.java:345)
	at freemarker.core.ConditionalBlock.accept(ConditionalBlock.java:48)
	at freemarker.core.Environment.visit(Environment.java:324)
	at freemarker.core.MixedContent.accept(MixedContent.java:54)
	at freemarker.core.Environment.visit(Environment.java:324)
	at freemarker.core.Macro$Context.runMacro(Macro.java:184)
	at freemarker.core.Environment.invoke(Environment.java:701)
	at freemarker.core.UnifiedCall.accept(UnifiedCall.java:84)
	at freemarker.core.Environment.visit(Environment.java:324)
	at freemarker.core.MixedContent.accept(MixedContent.java:54)
	at freemarker.core.Environment.visitByHiddingParent(Environment.java:345)
	at freemarker.core.ConditionalBlock.accept(ConditionalBlock.java:48)
	at freemarker.core.Environment.visit(Environment.java:324)
	at freemarker.core.MixedContent.accept(MixedContent.java:54)
	at freemarker.core.Environment.visit(Environment.java:324)
	at freemarker.core.Macro$Context.runMacro(Macro.java:184)
	at freemarker.core.Environment.invoke(Environment.java:701)
	at freemarker.core.UnifiedCall.accept(UnifiedCall.java:84)
	at freemarker.core.Environment.visit(Environment.java:324)
	at freemarker.core.MixedContent.accept(MixedContent.java:54)
	at freemarker.core.Environment.visit(Environment.java:324)
	at freemarker.core.Macro$Context.runMacro(Macro.java:184)
	at freemarker.core.Environment.invoke(Environment.java:701)
	at freemarker.core.UnifiedCall.accept(UnifiedCall.java:84)
	at freemarker.core.Environment.visitByHiddingParent(Environment.java:345)
	at freemarker.core.IteratorBlock$IterationContext.executeNestedBlockInner(IteratorBlock.java:268)
	at freemarker.core.IteratorBlock$IterationContext.executeNestedBlock(IteratorBlock.java:220)
	at freemarker.core.IteratorBlock$IterationContext.accept(IteratorBlock.java:194)
	at freemarker.core.Environment.visitIteratorBlock(Environment.java:572)
	at freemarker.core.IteratorBlock.acceptWithResult(IteratorBlock.java:78)
	at freemarker.core.IteratorBlock.accept(IteratorBlock.java:64)
	at freemarker.core.Environment.visit(Environment.java:324)
	at freemarker.core.MixedContent.accept(MixedContent.java:54)
	at freemarker.core.Environment.visitByHiddingParent(Environment.java:345)
	at freemarker.core.ConditionalBlock.accept(ConditionalBlock.java:48)
	at freemarker.core.Environment.visit(Environment.java:324)
	at freemarker.core.MixedContent.accept(MixedContent.java:54)
	at freemarker.core.Environment.visit(Environment.java:324)
	at freemarker.core.Macro$Context.runMacro(Macro.java:184)
	at freemarker.core.Environment.invoke(Environment.java:701)
	at freemarker.core.UnifiedCall.accept(UnifiedCall.java:84)
	at freemarker.core.Environment.visitByHiddingParent(Environment.java:345)
	at freemarker.core.IteratorBlock$IterationContext.executeNestedBlockInner(IteratorBlock.java:268)
	at freemarker.core.IteratorBlock$IterationContext.executeNestedBlock(IteratorBlock.java:220)
	at freemarker.core.IteratorBlock$IterationContext.accept(IteratorBlock.java:194)
	at freemarker.core.Environment.visitIteratorBlock(Environment.java:572)
	at freemarker.core.IteratorBlock.acceptWithResult(IteratorBlock.java:78)
	at freemarker.core.IteratorBlock.accept(IteratorBlock.java:64)
	at freemarker.core.Environment.visit(Environment.java:324)
	at freemarker.core.MixedContent.accept(MixedContent.java:54)
	at freemarker.core.Environment.visit(Environment.java:324)
	at freemarker.core.Environment.process(Environment.java:302)
	at net.thucydides.core.reports.templates.FreemarkerReportTemplate.merge(FreemarkerReportTemplate.java:42)
	at net.thucydides.core.reports.html.Merger$MergeBuilder.to(Merger.java:37)
	at net.thucydides.core.reports.html.HtmlAcceptanceTestReporter.generateReportPage(HtmlAcceptanceTestReporter.java:144)
	at net.thucydides.core.reports.html.HtmlAcceptanceTestReporter.generateReportFor(HtmlAcceptanceTestReporter.java:130)
	at net.thucydides.core.reports.ReportService.generateReportFor(ReportService.java:221)
	at net.thucydides.core.reports.ReportService.access$100(ReportService.java:35)
	at net.thucydides.core.reports.ReportService$1.run(ReportService.java:157)
	at java.util.concurrent.Executors$RunnableAdapter.call(Executors.java:511)
	at java.util.concurrent.FutureTask.run(FutureTask.java:266)
	at java.util.concurrent.ThreadPoolExecutor.runWorker(ThreadPoolExecutor.java:1149)
	at java.util.concurrent.ThreadPoolExecutor$Worker.run(ThreadPoolExecutor.java:624)
	at java.lang.Thread.run(Thread.java:748)
Caused by: java.lang.NullPointerException
	at net.thucydides.core.reports.html.Formatter.renderText(Formatter.java:124)
	at sun.reflect.GeneratedMethodAccessor100.invoke(Unknown Source)
	at sun.reflect.DelegatingMethodAccessorImpl.invoke(DelegatingMethodAccessorImpl.java:43)
	at java.lang.reflect.Method.invoke(Method.java:498)
	at freemarker.ext.beans.BeansWrapper.invokeMethod(BeansWrapper.java:1458)
	at freemarker.ext.beans.SimpleMethodModel.exec(SimpleMethodModel.java:71)
	... 70 more
12725 [pool-1-thread-4] ERROR net.thucydides.core.reports.templates.FreemarkerReportTemplate - Syntax error in report template: Java method "net.thucydides.core.reports.html.Formatter.renderText(String)" threw an exception when invoked on net.thucydides.core.reports.html.Formatter object "net.thucydides.core.reports.html.Formatter@990f35f"; see cause exception in the Java stack trace.

----
FTL stack trace ("~" means nesting-related):
	- Failed at: ${formatter.renderText(restQuery.resp...  [in template "freemarker/default.ftl" in macro "restQueryData" at line 348, column 41]
	- Reached through: @restQueryData restQuery=step.restQue...  [in template "freemarker/default.ftl" in macro "step_details" at line 418, column 37]
	- Reached through: @step_details step=step step_number=s...  [in template "freemarker/default.ftl" in macro "write_step" at line 242, column 17]
	- Reached through: @write_step step=nestedStep step_numb...  [in template "freemarker/default.ftl" in macro "write_step" at line 252, column 25]
	- Reached through: @write_step step=step step_number=ste...  [in template "freemarker/default.ftl" at line 464, column 17]
----
	- Failed at: ${formatter.renderText(restQuery.resp...  [in template "freemarker/default.ftl" in macro "restQueryData" at line 348, column 41]
	- Reached through: @restQueryData restQuery=step.restQue...  [in template "freemarker/default.ftl" in macro "step_details" at line 418, column 37]
	- Reached through: @step_details step=step step_number=s...  [in template "freemarker/default.ftl" in macro "write_step" at line 242, column 17]
	- Reached through: @write_step step=nestedStep step_numb...  [in template "freemarker/default.ftl" in macro "write_step" at line 252, column 25]
	- Reached through: @write_step step=step step_number=ste...  [in template "freemarker/default.ftl" at line 464, column 17]

]]></system-err>
  </testcase>
</testsuite>